<?xml version="1.0" encoding="UTF-8"?>
<!-- Generated by org.testng.reporters.JUnitXMLReporter -->
<testsuite ignored="2" hostname="LTVJA220190801" failures="0" tests="1" name="Default test" time="2.025" errors="0" timestamp="22 Sep 2021 18:30:05 GMT">
  <testcase classname="org.api.test.MobiquityApiTest" name="testPostByUser" time="1.257"/>
  <testcase classname="org.api.test.MobiquityApiTest" name="testUserWithUsername" time="0.0">
    <ignored/>
  </testcase> <!-- testUserWithUsername -->
  <testcase classname="org.api.test.MobiquityApiTest" name="testCommentEmailFormat" time="0.0">
    <ignored/>
  </testcase> <!-- testCommentEmailFormat -->
</testsuite> <!-- Default test -->
