<?xml version="1.0" encoding="UTF-8"?>
<!-- Generated by org.testng.reporters.JUnitXMLReporter -->
<testsuite ignored="0" hostname="LTVJA220190801" failures="0" tests="3" name="Test" time="3.224" errors="0" timestamp="22 Sep 2021 16:02:57 GMT">
  <testcase classname="org.api.test.MobiquityApiTest" name="testUserWithUsername" time="1.162"/>
  <testcase classname="org.api.test.MobiquityApiTest" name="testPostByUser" time="0.148"/>
  <testcase classname="org.api.test.MobiquityApiTest" name="testCommentEmailFormat" time="1.179"/>
</testsuite> <!-- Test -->
