<?xml version="1.0" encoding="UTF-8"?>
<testng-results ignored="0" total="2" passed="2" failed="0" skipped="0">
  <reporter-output>
  </reporter-output>
  <suite started-at="2021-09-22T14:47:55Z" name="Suite" finished-at="2021-09-22T14:47:57Z" duration-ms="2031">
    <groups>
    </groups>
    <test started-at="2021-09-22T14:47:55Z" name="Test" finished-at="2021-09-22T14:47:57Z" duration-ms="2031">
      <class name="org.api.test.MobiquityApiTest">
        <test-method is-config="true" signature="setup()[pri:0, instance:org.api.test.MobiquityApiTest@68702e03]" started-at="2021-09-22T14:47:55Z" name="setup" finished-at="2021-09-22T14:47:56Z" duration-ms="631" status="PASS">
          <reporter-output>
          </reporter-output>
        </test-method> <!-- setup -->
        <test-method signature="testUserWithUsername(java.lang.String)[pri:1, instance:org.api.test.MobiquityApiTest@68702e03]" started-at="2021-09-22T14:47:56Z" name="testUserWithUsername" finished-at="2021-09-22T14:47:57Z" duration-ms="1122" status="PASS">
          <params>
            <param index="0">
              <value>
                <![CDATA[Delphine]]>
              </value>
            </param>
          </params>
          <reporter-output>
          </reporter-output>
        </test-method> <!-- testUserWithUsername -->
        <test-method signature="testPostByUser()[pri:2, instance:org.api.test.MobiquityApiTest@68702e03]" started-at="2021-09-22T14:47:57Z" name="testPostByUser" finished-at="2021-09-22T14:47:57Z" duration-ms="117" status="PASS">
          <reporter-output>
          </reporter-output>
        </test-method> <!-- testPostByUser -->
      </class> <!-- org.api.test.MobiquityApiTest -->
    </test> <!-- Test -->
  </suite> <!-- Suite -->
</testng-results>
