<?xml version="1.0" encoding="UTF-8"?>
<testng-results ignored="0" total="1" passed="1" failed="0" skipped="0">
  <reporter-output>
  </reporter-output>
  <suite started-at="2021-09-21T21:36:42Z" name="Suite" finished-at="2021-09-21T21:36:44Z" duration-ms="1911">
    <groups>
    </groups>
    <test started-at="2021-09-21T21:36:42Z" name="Test" finished-at="2021-09-21T21:36:44Z" duration-ms="1911">
      <class name="org.api.test.MobiquityApiTest">
        <test-method is-config="true" signature="setup()[pri:0, instance:org.api.test.MobiquityApiTest@3f91b517]" started-at="2021-09-21T21:36:42Z" name="setup" finished-at="2021-09-21T21:36:42Z" duration-ms="573" status="PASS">
          <reporter-output>
          </reporter-output>
        </test-method> <!-- setup -->
        <test-method signature="testUserWithUsername(java.lang.String)[pri:0, instance:org.api.test.MobiquityApiTest@3f91b517]" started-at="2021-09-21T21:36:42Z" name="testUserWithUsername" finished-at="2021-09-21T21:36:44Z" duration-ms="1179" status="PASS">
          <params>
            <param index="0">
              <value>
                <![CDATA[Delphine]]>
              </value>
            </param>
          </params>
          <reporter-output>
          </reporter-output>
        </test-method> <!-- testUserWithUsername -->
      </class> <!-- org.api.test.MobiquityApiTest -->
    </test> <!-- Test -->
  </suite> <!-- Suite -->
</testng-results>
